<?xml version="1.0" encoding="UTF-8"?>
<testng-results ignored="0" total="7" passed="6" failed="1" skipped="0">
  <reporter-output>
  </reporter-output>
  <suite started-at="2023-11-27T20:51:23 IST" name="Interview Demo Project" finished-at="2023-11-27T20:52:15 IST" duration-ms="52792">
    <groups>
    </groups>
    <test started-at="2023-11-27T20:51:23 IST" name="Interview Test" finished-at="2023-11-27T20:52:15 IST" duration-ms="52792">
      <class name="com.InterviewDemoProject.testcases.Login">
        <test-method is-config="true" signature="setup()[pri:0, instance:com.InterviewDemoProject.testcases.Login@1a451d4d]" started-at="2023-11-27T20:51:33 IST" name="setup" finished-at="2023-11-27T20:51:39 IST" duration-ms="5651" status="PASS">
          <reporter-output>
          </reporter-output>
        </test-method> <!-- setup -->
        <test-method signature="verifyLoginWithValidId(java.lang.String,java.lang.String)[pri:-1, instance:com.InterviewDemoProject.testcases.Login@1a451d4d]" started-at="2023-11-27T20:51:39 IST" name="verifyLoginWithValidId" data-provider="datas" finished-at="2023-11-27T20:51:40 IST" duration-ms="1013" status="PASS">
          <params>
            <param index="0">
              <value>
                <![CDATA[redingtest01@mailinator.com]]>
              </value>
            </param>
            <param index="1">
              <value>
                <![CDATA[Hi@12345]]>
              </value>
            </param>
          </params>
          <reporter-output>
          </reporter-output>
        </test-method> <!-- verifyLoginWithValidId -->
        <test-method is-config="true" signature="tearDown()[pri:0, instance:com.InterviewDemoProject.testcases.Login@1a451d4d]" started-at="2023-11-27T20:51:40 IST" name="tearDown" finished-at="2023-11-27T20:51:41 IST" duration-ms="821" status="PASS">
          <reporter-output>
          </reporter-output>
        </test-method> <!-- tearDown -->
        <test-method is-config="true" signature="setup()[pri:0, instance:com.InterviewDemoProject.testcases.Login@1a451d4d]" started-at="2023-11-27T20:51:41 IST" name="setup" finished-at="2023-11-27T20:51:46 IST" duration-ms="5284" status="PASS">
          <reporter-output>
          </reporter-output>
        </test-method> <!-- setup -->
        <test-method signature="verifyLoginWithValidId(java.lang.String,java.lang.String)[pri:-1, instance:com.InterviewDemoProject.testcases.Login@1a451d4d]" started-at="2023-11-27T20:51:46 IST" name="verifyLoginWithValidId" data-provider="datas" finished-at="2023-11-27T20:51:47 IST" duration-ms="878" status="PASS">
          <params>
            <param index="0">
              <value>
                <![CDATA[redingtest02@mailinator.com]]>
              </value>
            </param>
            <param index="1">
              <value>
                <![CDATA[Hi@12345]]>
              </value>
            </param>
          </params>
          <reporter-output>
          </reporter-output>
        </test-method> <!-- verifyLoginWithValidId -->
        <test-method is-config="true" signature="tearDown()[pri:0, instance:com.InterviewDemoProject.testcases.Login@1a451d4d]" started-at="2023-11-27T20:51:47 IST" name="tearDown" finished-at="2023-11-27T20:51:48 IST" duration-ms="628" status="PASS">
          <reporter-output>
          </reporter-output>
        </test-method> <!-- tearDown -->
        <test-method is-config="true" signature="setup()[pri:0, instance:com.InterviewDemoProject.testcases.Login@1a451d4d]" started-at="2023-11-27T20:51:48 IST" name="setup" finished-at="2023-11-27T20:51:54 IST" duration-ms="6726" status="PASS">
          <reporter-output>
          </reporter-output>
        </test-method> <!-- setup -->
        <test-method signature="verifyLoginWithValidId(java.lang.String,java.lang.String)[pri:-1, instance:com.InterviewDemoProject.testcases.Login@1a451d4d]" started-at="2023-11-27T20:51:54 IST" name="verifyLoginWithValidId" data-provider="datas" finished-at="2023-11-27T20:51:55 IST" duration-ms="947" status="PASS">
          <params>
            <param index="0">
              <value>
                <![CDATA[redingtest02@mailinator.com]]>
              </value>
            </param>
            <param index="1">
              <value>
                <![CDATA[Hi@12345]]>
              </value>
            </param>
          </params>
          <reporter-output>
          </reporter-output>
        </test-method> <!-- verifyLoginWithValidId -->
        <test-method is-config="true" signature="tearDown()[pri:0, instance:com.InterviewDemoProject.testcases.Login@1a451d4d]" started-at="2023-11-27T20:51:55 IST" name="tearDown" finished-at="2023-11-27T20:51:56 IST" duration-ms="615" status="PASS">
          <reporter-output>
          </reporter-output>
        </test-method> <!-- tearDown -->
        <test-method is-config="true" signature="setup()[pri:0, instance:com.InterviewDemoProject.testcases.Login@1a451d4d]" started-at="2023-11-27T20:51:56 IST" name="setup" finished-at="2023-11-27T20:52:01 IST" duration-ms="5209" status="PASS">
          <reporter-output>
          </reporter-output>
        </test-method> <!-- setup -->
        <test-method signature="LoginWithInvalidCred()[pri:0, instance:com.InterviewDemoProject.testcases.Login@1a451d4d]" started-at="2023-11-27T20:52:01 IST" name="LoginWithInvalidCred" finished-at="2023-11-27T20:52:02 IST" duration-ms="894" status="PASS">
          <reporter-output>
          </reporter-output>
        </test-method> <!-- LoginWithInvalidCred -->
        <test-method is-config="true" signature="tearDown()[pri:0, instance:com.InterviewDemoProject.testcases.Login@1a451d4d]" started-at="2023-11-27T20:52:02 IST" name="tearDown" finished-at="2023-11-27T20:52:03 IST" duration-ms="586" status="PASS">
          <reporter-output>
          </reporter-output>
        </test-method> <!-- tearDown -->
        <test-method is-config="true" signature="setup()[pri:0, instance:com.InterviewDemoProject.testcases.Login@1a451d4d]" started-at="2023-11-27T20:52:03 IST" name="setup" finished-at="2023-11-27T20:52:08 IST" duration-ms="5285" status="PASS">
          <reporter-output>
          </reporter-output>
        </test-method> <!-- setup -->
        <test-method signature="ValidUserNameWithInvalidPassword()[pri:1, instance:com.InterviewDemoProject.testcases.Login@1a451d4d]" started-at="2023-11-27T20:52:08 IST" name="ValidUserNameWithInvalidPassword" finished-at="2023-11-27T20:52:09 IST" duration-ms="921" status="PASS">
          <reporter-output>
          </reporter-output>
        </test-method> <!-- ValidUserNameWithInvalidPassword -->
        <test-method is-config="true" signature="tearDown()[pri:0, instance:com.InterviewDemoProject.testcases.Login@1a451d4d]" started-at="2023-11-27T20:52:09 IST" name="tearDown" finished-at="2023-11-27T20:52:09 IST" duration-ms="687" status="PASS">
          <reporter-output>
          </reporter-output>
        </test-method> <!-- tearDown -->
        <test-method is-config="true" signature="setup()[pri:0, instance:com.InterviewDemoProject.testcases.Login@1a451d4d]" started-at="2023-11-27T20:52:09 IST" name="setup" finished-at="2023-11-27T20:52:14 IST" duration-ms="4341" status="PASS">
          <reporter-output>
          </reporter-output>
        </test-method> <!-- setup -->
        <test-method signature="InvalidUsernameWithValidPwd()[pri:2, instance:com.InterviewDemoProject.testcases.Login@1a451d4d]" started-at="2023-11-27T20:52:14 IST" name="InvalidUsernameWithValidPwd" finished-at="2023-11-27T20:52:15 IST" duration-ms="966" status="PASS">
          <reporter-output>
          </reporter-output>
        </test-method> <!-- InvalidUsernameWithValidPwd -->
        <test-method is-config="true" signature="tearDown()[pri:0, instance:com.InterviewDemoProject.testcases.Login@1a451d4d]" started-at="2023-11-27T20:52:15 IST" name="tearDown" finished-at="2023-11-27T20:52:15 IST" duration-ms="583" status="PASS">
          <reporter-output>
          </reporter-output>
        </test-method> <!-- tearDown -->
      </class> <!-- com.InterviewDemoProject.testcases.Login -->
      <class name="com.InterviewDemoProject.testcases.Register">
        <test-method is-config="true" signature="setup()[pri:0, instance:com.InterviewDemoProject.testcases.Register@708f5957]" started-at="2023-11-27T20:51:23 IST" name="setup" finished-at="2023-11-27T20:51:30 IST" duration-ms="6651" status="PASS">
          <reporter-output>
          </reporter-output>
        </test-method> <!-- setup -->
        <test-method signature="registerWithMandatoryField()[pri:0, instance:com.InterviewDemoProject.testcases.Register@708f5957]" started-at="2023-11-27T20:51:30 IST" name="registerWithMandatoryField" finished-at="2023-11-27T20:51:31 IST" duration-ms="1793" status="FAIL">
          <exception class="java.lang.AssertionError">
            <message>
              <![CDATA[wrong page expected [Your1 Account Has Been Created!] but found [Your Account Has Been Created!]]]>
            </message>
            <full-stacktrace>
              <![CDATA[java.lang.AssertionError: wrong page expected [Your1 Account Has Been Created!] but found [Your Account Has Been Created!]
at org.testng.Assert.fail(Assert.java:99)
at org.testng.Assert.failNotEquals(Assert.java:1037)
at org.testng.Assert.assertEqualsImpl(Assert.java:140)
at org.testng.Assert.assertEquals(Assert.java:122)
at org.testng.Assert.assertEquals(Assert.java:629)
at com.InterviewDemoProject.testcases.Register.registerWithMandatoryField(Register.java:50)
at java.base/jdk.internal.reflect.DirectMethodHandleAccessor.invoke(DirectMethodHandleAccessor.java:104)
at java.base/java.lang.reflect.Method.invoke(Method.java:577)
at org.testng.internal.MethodInvocationHelper.invokeMethod(MethodInvocationHelper.java:133)
at org.testng.internal.TestInvoker.invokeMethod(TestInvoker.java:598)
at org.testng.internal.TestInvoker.invokeTestMethod(TestInvoker.java:173)
at org.testng.internal.MethodRunner.runInSequence(MethodRunner.java:46)
at org.testng.internal.TestInvoker$MethodInvocationAgent.invoke(TestInvoker.java:824)
at org.testng.internal.TestInvoker.invokeTestMethods(TestInvoker.java:146)
at org.testng.internal.TestMethodWorker.invokeTestMethods(TestMethodWorker.java:146)
at org.testng.internal.TestMethodWorker.run(TestMethodWorker.java:128)
at java.base/java.util.ArrayList.forEach(ArrayList.java:1511)
at org.testng.TestRunner.privateRun(TestRunner.java:794)
at org.testng.TestRunner.run(TestRunner.java:596)
at org.testng.SuiteRunner.runTest(SuiteRunner.java:377)
at org.testng.SuiteRunner.runSequentially(SuiteRunner.java:371)
at org.testng.SuiteRunner.privateRun(SuiteRunner.java:332)
at org.testng.SuiteRunner.run(SuiteRunner.java:276)
at org.testng.SuiteRunnerWorker.runSuite(SuiteRunnerWorker.java:53)
at org.testng.SuiteRunnerWorker.run(SuiteRunnerWorker.java:96)
at org.testng.TestNG.runSuitesSequentially(TestNG.java:1212)
at org.testng.TestNG.runSuitesLocally(TestNG.java:1134)
at org.testng.TestNG.runSuites(TestNG.java:1063)
at org.testng.TestNG.run(TestNG.java:1031)
at org.testng.remote.AbstractRemoteTestNG.run(AbstractRemoteTestNG.java:115)
at org.testng.remote.RemoteTestNG.initAndRun(RemoteTestNG.java:251)
at org.testng.remote.RemoteTestNG.main(RemoteTestNG.java:77)
]]>
            </full-stacktrace>
          </exception> <!-- java.lang.AssertionError -->
          <reporter-output>
          </reporter-output>
        </test-method> <!-- registerWithMandatoryField -->
        <test-method is-config="true" signature="tearDown()[pri:0, instance:com.InterviewDemoProject.testcases.Register@708f5957]" started-at="2023-11-27T20:51:32 IST" name="tearDown" finished-at="2023-11-27T20:51:32 IST" duration-ms="659" status="PASS">
          <reporter-output>
          </reporter-output>
        </test-method> <!-- tearDown -->
      </class> <!-- com.InterviewDemoProject.testcases.Register -->
    </test> <!-- Interview Test -->
  </suite> <!-- Interview Demo Project -->
</testng-results>
